<?xml version="1.0" encoding="utf-8"?><testsuites name="pytest tests"><testsuite name="pytest" errors="0" failures="0" skipped="0" tests="6" time="2.158" timestamp="2026-07-02T11:15:48.276073+00:00" hostname="agent-env-452d22c4-8274-4994-83bd-3389ee12fb2a"><testcase classname="tests.backend_test.TestCreateInquiry" name="test_create_inquiry_full_payload" time="0.358" /><testcase classname="tests.backend_test.TestRoot" name="test_root" time="0.285" /><testcase classname="tests.backend_test.TestListInquiries" name="test_list_returns_array_and_sorted_desc" time="1.256" /><testcase classname="tests.backend_test.TestCreateInquiry" name="test_create_inquiry_minimal" time="0.051" /><testcase classname="tests.backend_test.TestCreateInquiry" name="test_create_inquiry_invalid_email_returns_422" time="0.060" /><testcase classname="tests.backend_test.TestCreateInquiry" name="test_create_inquiry_missing_required_fields" time="0.144" /></testsuite></testsuites>